mobile/build/outputs/mapping/release/seeds.txt
com.tvbrowser.mobile.MainActivity
com.tvbrowser.mobile.MobileApp
com.tvbrowser.mobile.MainActivity: MainActivity()
com.tvbrowser.mobile.MobileApp: MobileApp()
...
androidx.appcompat.widget.Toolbar: android.content.Context getPopupContext()
androidx.appcompat.widget.ListPopupWindow$Api29Impl: void setEpicenterBounds(android.widget.PopupWindow,android.graphics.Rect)
androidx.appcompat.widget.AppCompatAutoCompleteTextView: void setDropDownBackgroundResource(int)
androidx.lifecycle.ReportFragment$LifecycleCallbacks: void onActivityPaused(android.app.Activity)
androidx.appcompat.widget.AppCompatTextViewAutoSizeHelper$Impl29: void computeAndSetTextDirection(android.text.StaticLayout$Builder,android.widget.TextView)
androidx.core.graphics.drawable.DrawableCompat$Api19Impl: int getAlpha(android.graphics.drawable.Drawable)
androidx.appcompat.widget.AppCompatAutoCompleteTextView: void setSupportCompoundDrawablesTintList(android.content.res.ColorStateList)
androidx.appcompat.widget.LinearLayoutCompat: int getBaselineAlignedChildIndex()
androidx.core.content.res.FontResourcesParserCompat$Api21Impl: int getType(android.content.res.TypedArray,int)
androidx.appcompat.widget.ContentFrameLayout: android.util.TypedValue getFixedHeightMinor()
com.google.android.libraries.barhopper.OnedRecognitionOptions: OnedRecognitionOptions()
androidx.core.app.NotificationCompatBuilder$Api16Impl: android.app.Notification$Builder setPriority(android.app.Notification$Builder,int)
androidx.compose.foundation.layout.Direction: androidx.compose.foundation.layout.Direction valueOf(java.lang.String)
androidx.core.app.NotificationCompatBuilder$Api21Impl: android.app.Notification$Builder addPerson(android.app.Notification$Builder,java.lang.String)
androidx.core.view.WindowInsetsCompat$BuilderImpl: void setMandatorySystemGestureInsets(androidx.core.graphics.Insets)
androidx.lifecycle.EmptyActivityLifecycleCallbacks: void onActivitySaveInstanceState(android.app.Activity,android.os.Bundle)
androidx.compose.foundation.layout.LayoutOrientation: androidx.compose.foundation.layout.LayoutOrientation[] values()
androidx.appcompat.widget.Toolbar: void setNavigationIcon(int)
androidx.compose.ui.autofill.AutofillApi26Helper: void setAutofillType(android.view.ViewStructure,int)
androidx.compose.ui.window.PopupLayout: boolean getCanCalculatePosition()
androidx.core.view.WindowCompat$Api30Impl: void setDecorFitsSystemWindows(android.view.Window,boolean)
androidx.compose.ui.focus.CustomDestinationResult: androidx.compose.ui.focus.CustomDestinationResult valueOf(java.lang.String)
androidx.core.view.DisplayCutoutCompat$Api28Impl: android.view.DisplayCutout createDisplayCutout(android.graphics.Rect,java.util.List)
androidx.core.view.ViewCompat$Api28Impl: void setAutofillId(android.view.View,android.view.autofill.AutofillId)
androidx.core.view.accessibility.AccessibilityNodeInfoCompat$Api34Impl: void setAccessibilityDataSensitive(android.view.accessibility.AccessibilityNodeInfo,boolean)
androidx.compose.material3.SliderComponents: androidx.compose.material3.SliderComponents[] values()
androidx.core.graphics.drawable.IconCompat$Api23Impl: android.net.Uri getUri(java.lang.Object)
androidx.appcompat.view.menu.ListMenuItemView: void setGroupDividerEnabled(boolean)
androidx.core.view.DisplayCutoutCompat$Api28Impl: int getSafeInsetRight(android.view.DisplayCutout)
androidx.core.view.accessibility.AccessibilityNodeInfoCompat$Api33Impl: android.view.accessibility.AccessibilityNodeInfo$ExtraRenderingInfo getExtraRenderingInfo(android.view.accessibility.AccessibilityNodeInfo)
androidx.appcompat.app.AlertController$RecycleListView: AlertController$RecycleListView(android.content.Context,android.util.AttributeSet)
androidx.appcompat.widget.AppCompatTextView: void setBackgroundDrawable(android.graphics.drawable.Drawable)
androidx.compose.ui.platform.coreshims.ContentCaptureSessionCompat$Api23Impl: android.os.Bundle getExtras(android.view.ViewStructure)
androidx.core.graphics.drawable.IconCompatParcelizer: IconCompatParcelizer()
androidx.core.os.BundleApi21ImplKt: void putSizeF(android.os.Bundle,java.lang.String,android.util.SizeF)