mobile/build/outputs/mapping/release/usage.txt
com.tvbrowser.mobile.BuildConfig
com.tvbrowser.mobile.MainActivity:
    public static final int $stable
com.tvbrowser.mobile.MobileApp:
    public static final int $stable
com.tvbrowser.mobile.R$color
com.tvbrowser.mobile.R$drawable
com.tvbrowser.mobile.R$mipmap
com.tvbrowser.mobile.R$string
com.tvbrowser.mobile.R$style
com.tvbrowser.mobile.R
com.tvbrowser.mobile.ui.screens.SearchScreenKt$SearchScreen$lambda$19$lambda$14$lambda$13$$inlined$items$default$2
com.tvbrowser.mobile.ui.screens.SearchScreenKt$SearchScreen$lambda$19$lambda$18$lambda$17$$inlined$items$default$2
com.tvbrowser.mobile.viewmodel.MobileUiState:
    public void <init>()
    public final boolean component1()
    public final java.util.List component2()
    public final java.util.List component3()
    public final java.util.List component4()
    public final boolean component5()
    public final java.lang.String component6()
    public final java.util.List getPairedTVs()
com.tvbrowser.mobile.ComposableSingletons$MainActivityKt$lambda-1$1$1$1$1:
    public final void invoke$67()
com.tvbrowser.mobile.ComposableSingletons$MainActivityKt$lambda-1$1$1$1$2:
    public final void invoke$67()
com.tvbrowser.mobile.ComposableSingletons$MainActivityKt$lambda-1$1$1$1$3:
    public final void invoke$67()
com.tvbrowser.mobile.ComposableSingletons$MainActivityKt$lambda-1$1$1$1$4:
    public final void invoke$67()
com.tvbrowser.mobile.ComposableSingletons$MainActivityKt$lambda-1$1:
    public final void invoke$2()
com.tvbrowser.mobile.ComposableSingletons$MainActivityKt$lambda-2$1:
    public final void invoke$2()
com.tvbrowser.mobile.ComposableSingletons$MainActivityKt$lambda-3$1:
    public final void invoke$2()
com.tvbrowser.mobile.ComposableSingletons$MainActivityKt:
    public static final com.tvbrowser.mobile.ComposableSingletons$MainActivityKt INSTANCE
    public static kotlin.jvm.functions.Function2 getLambda-1$mobile_release()
    public static kotlin.jvm.functions.Function2 getLambda-2$mobile_release()
    public static kotlin.jvm.functions.Function2 getLambda-3$mobile_release()
com.tvbrowser.mobile.MainActivity:
    static void <clinit>()
com.tvbrowser.mobile.MobileApp:
    static void <clinit>()
com.tvbrowser.mobile.ui.screens.ComposableSingletons$HomeScreenKt$lambda-1$1:
    public final void invoke$69()
com.tvbrowser.mobile.ui.screens.ComposableSingletons$HomeScreenKt$lambda-2$1:
    public final void invoke$70()
com.tvbrowser.mobile.ui.screens.ComposableSingletons$HomeScreenKt$lambda-3$1:
    public final void invoke$70()
com.tvbrowser.mobile.ui.screens.ComposableSingletons$HomeScreenKt$lambda-4$1:
    public final void invoke$70()
com.tvbrowser.mobile.ui.screens.ComposableSingletons$HomeScreenKt:
    public static final com.tvbrowser.mobile.ui.screens.ComposableSingletons$HomeScreenKt INSTANCE
    public static kotlin.jvm.functions.Function3 getLambda-1$mobile_release()
    public static kotlin.jvm.functions.Function3 getLambda-2$mobile_release()
    public static kotlin.jvm.functions.Function3 getLambda-3$mobile_release()
    public static kotlin.jvm.functions.Function3 getLambda-4$mobile_release()
com.tvbrowser.mobile.ui.screens.ComposableSingletons$PairingScreenKt$lambda-1$1:
    public final void invoke$2()
com.tvbrowser.mobile.ui.screens.ComposableSingletons$PairingScreenKt$lambda-2$1:
    public final void invoke$70()
com.tvbrowser.mobile.ui.screens.ComposableSingletons$PairingScreenKt$lambda-3$1:
    public final void invoke$2()
com.tvbrowser.mobile.ui.screens.ComposableSingletons$PairingScreenKt$lambda-4$1:
    public final void invoke$2()
...
androidx.activity.result.ActivityResultRegistry:
    private static final int INITIAL_REQUEST_CODE_VALUE
    private static final java.lang.String KEY_COMPONENT_ACTIVITY_LAUNCHED_KEYS
    private static final java.lang.String KEY_COMPONENT_ACTIVITY_PENDING_RESULTS
    private static final java.lang.String KEY_COMPONENT_ACTIVITY_REGISTERED_KEYS
    private static final java.lang.String KEY_COMPONENT_ACTIVITY_REGISTERED_RCS
    private static final java.lang.String LOG_TAG
    public final androidx.activity.result.ActivityResultLauncher register(java.lang.String,androidx.lifecycle.LifecycleOwner,androidx.activity.result.contract.ActivityResultContract,androidx.activity.result.ActivityResultCallback)
androidx.activity.result.IntentSenderRequest$Builder$Flag
androidx.activity.result.IntentSenderRequest$Builder:
    public void <init>(android.app.PendingIntent)
androidx.activity.result.IntentSenderRequest$Companion:
    public static synthetic void getCREATOR$annotations()
androidx.activity.result.IntentSenderRequest:
    public synthetic void <init>(android.content.IntentSender,android.content.Intent,int,int,int,kotlin.jvm.internal.DefaultConstructorMarker)
androidx.activity.result.PickVisualMediaRequest$Builder
androidx.activity.result.PickVisualMediaRequest
androidx.activity.result.PickVisualMediaRequestKt
androidx.activity.result.contract.ActivityResultContracts$CaptureVideo
androidx.activity.result.contract.ActivityResultContracts$CreateDocument
androidx.activity.result.contract.ActivityResultContracts$GetContent
androidx.activity.result.contract.ActivityResultContracts$GetMultipleContents$Companion
androidx.activity.result.contract.ActivityResultContracts$GetMultipleContents
androidx.activity.result.contract.ActivityResultContracts$OpenDocument
androidx.activity.result.contract.ActivityResultContracts$OpenDocumentTree
androidx.activity.result.contract.ActivityResultContracts$OpenMultipleDocuments
androidx.activity.result.contract.ActivityResultContracts$PickContact
androidx.activity.result.contract.ActivityResultContracts$PickMultipleVisualMedia$Companion
androidx.activity.result.contract.ActivityResultContracts$PickMultipleVisualMedia
androidx.activity.result.contract.ActivityResultContracts$PickVisualMedia$Companion
androidx.activity.result.contract.ActivityResultContracts$PickVisualMedia$ImageAndVideo
androidx.activity.result.contract.ActivityResultContracts$PickVisualMedia$ImageOnly
androidx.activity.result.contract.ActivityResultContracts$PickVisualMedia$SingleMimeType
androidx.activity.result.contract.ActivityResultContracts$PickVisualMedia$VideoOnly
androidx.activity.result.contract.ActivityResultContracts$PickVisualMedia$VisualMediaType
androidx.activity.result.contract.ActivityResultContracts$PickVisualMedia
androidx.activity.result.contract.ActivityResultContracts$RequestMultiplePermissions:
    public static final java.lang.String ACTION_REQUEST_PERMISSIONS
    public static final java.lang.String EXTRA_PERMISSIONS
    public static final java.lang.String EXTRA_PERMISSION_GRANT_RESULTS
androidx.activity.result.contract.ActivityResultContracts$StartActivityForResult:
    public static final java.lang.String EXTRA_ACTIVITY_OPTIONS_BUNDLE
androidx.activity.result.contract.ActivityResultContracts$StartIntentSenderForResult$Companion
androidx.activity.result.contract.ActivityResultContracts$StartIntentSenderForResult
androidx.activity.result.contract.ActivityResultContracts$TakePicture
androidx.activity.result.contract.ActivityResultContracts$TakePicturePreview
androidx.activity.result.contract.ActivityResultContracts$TakeVideo
androidx.activity.result.contract.ActivityResultContracts
androidx.annotation.AnimRes
androidx.annotation.AnimatorRes
androidx.annotation.AnyRes
androidx.annotation.AnyThread
androidx.annotation.ArrayRes
androidx.annotation.AttrRes
androidx.annotation.BinderThread
androidx.annotation.BoolRes
androidx.annotation.CallSuper
androidx.annotation.CheckResult
androidx.annotation.ChecksSdkIntAtLeast